<?xml version="1.0" encoding="utf-8"?>
<TestRun id="288cd0fe-a228-44ac-8157-c346d65df076" name="F1224@WS-DPW-IT003-2C 2021-02-01 15:14:12" runUser="DPWAH\F1224" xmlns="http://microsoft.com/schemas/VisualStudio/TeamTest/2010">
  <Times creation="2021-02-01T15:14:12.7464188+08:00" queuing="2021-02-01T15:14:12.7464188+08:00" start="2021-02-01T15:14:09.6592907+08:00" finish="2021-02-01T15:14:16.4458656+08:00" />
  <TestSettings name="default" id="b20af25e-1d2b-4c6d-82c5-3e320015e471">
    <Deployment runDeploymentRoot="F1224_WS-DPW-IT003-2C_2021-02-01_15_14_12" />
  </TestSettings>
  <Results>
    <UnitTestResult executionId="42726ef7-dc2f-4fb2-ac68-37310977e383" testId="e89406a2-36fd-be19-246b-384450b62335" testName="TestCurrentUserIdCount" computerName="WS-DPW-IT003-2C" duration="00:00:01.5535874" startTime="2021-02-01T15:14:09.8983174+08:00" endTime="2021-02-01T15:14:11.7421133+08:00" testType="13cdc9d9-ddb5-4fa4-a97d-d965ccfc6d4b" outcome="Passed" testListId="8c84fa94-04c1-424b-9868-57a2d4851a1d" relativeResultsDirectory="42726ef7-dc2f-4fb2-ac68-37310977e383" />
    <UnitTestResult executionId="1a9ba5dd-03a5-4cda-9d5d-3f6ceb115d4a" testId="28f6e34f-7b39-66d7-2ad4-fcfb0d9efd55" testName="TestCurrentExerciseIdCount" computerName="WS-DPW-IT003-2C" duration="00:00:01.5356180" startTime="2021-02-01T15:14:11.7480688+08:00" endTime="2021-02-01T15:14:13.2840212+08:00" testType="13cdc9d9-ddb5-4fa4-a97d-d965ccfc6d4b" outcome="Passed" testListId="8c84fa94-04c1-424b-9868-57a2d4851a1d" relativeResultsDirectory="1a9ba5dd-03a5-4cda-9d5d-3f6ceb115d4a" />
    <UnitTestResult executionId="b0fe30f1-eb5e-4292-bd1d-a301223cb2b7" testId="059e1389-483d-e43c-a54d-042dac241332" testName="TestCurrentInCorrectCount" computerName="WS-DPW-IT003-2C" duration="00:00:01.5150582" startTime="2021-02-01T15:14:14.7870021+08:00" endTime="2021-02-01T15:14:16.3030475+08:00" testType="13cdc9d9-ddb5-4fa4-a97d-d965ccfc6d4b" outcome="Passed" testListId="8c84fa94-04c1-424b-9868-57a2d4851a1d" relativeResultsDirectory="b0fe30f1-eb5e-4292-bd1d-a301223cb2b7" />
    <UnitTestResult executionId="b96aae98-d4e6-4060-b29d-b65b741ccf45" testId="c761bbf1-11ff-aeac-67fc-a9008d396db9" testName="TestCurrentCorrectCount" computerName="WS-DPW-IT003-2C" duration="00:00:01.5034258" startTime="2021-02-01T15:14:13.2840212+08:00" endTime="2021-02-01T15:14:14.7870021+08:00" testType="13cdc9d9-ddb5-4fa4-a97d-d965ccfc6d4b" outcome="Passed" testListId="8c84fa94-04c1-424b-9868-57a2d4851a1d" relativeResultsDirectory="b96aae98-d4e6-4060-b29d-b65b741ccf45" />
  </Results>
  <TestDefinitions>
    <UnitTest name="TestCurrentInCorrectCount" storage="e:\assignment\assignment\classtestproject\bin\debug\classtestproject.dll" id="059e1389-483d-e43c-a54d-042dac241332">
      <Execution id="b0fe30f1-eb5e-4292-bd1d-a301223cb2b7" />
      <TestMethod codeBase="E:\Assignment\Assignment\ClassTestProject\bin\Debug\ClassTestProject.dll" adapterTypeName="executor://mstestadapter/v2" className="ClassTestProject.ClassTest" name="TestCurrentInCorrectCount" />
    </UnitTest>
    <UnitTest name="TestCurrentUserIdCount" storage="e:\assignment\assignment\classtestproject\bin\debug\classtestproject.dll" id="e89406a2-36fd-be19-246b-384450b62335">
      <Execution id="42726ef7-dc2f-4fb2-ac68-37310977e383" />
      <TestMethod codeBase="E:\Assignment\Assignment\ClassTestProject\bin\Debug\ClassTestProject.dll" adapterTypeName="executor://mstestadapter/v2" className="ClassTestProject.ClassTest" name="TestCurrentUserIdCount" />
    </UnitTest>
    <UnitTest name="TestCurrentCorrectCount" storage="e:\assignment\assignment\classtestproject\bin\debug\classtestproject.dll" id="c761bbf1-11ff-aeac-67fc-a9008d396db9">
      <Execution id="b96aae98-d4e6-4060-b29d-b65b741ccf45" />
      <TestMethod codeBase="E:\Assignment\Assignment\ClassTestProject\bin\Debug\ClassTestProject.dll" adapterTypeName="executor://mstestadapter/v2" className="ClassTestProject.ClassTest" name="TestCurrentCorrectCount" />
    </UnitTest>
    <UnitTest name="TestCurrentExerciseIdCount" storage="e:\assignment\assignment\classtestproject\bin\debug\classtestproject.dll" id="28f6e34f-7b39-66d7-2ad4-fcfb0d9efd55">
      <Execution id="1a9ba5dd-03a5-4cda-9d5d-3f6ceb115d4a" />
      <TestMethod codeBase="E:\Assignment\Assignment\ClassTestProject\bin\Debug\ClassTestProject.dll" adapterTypeName="executor://mstestadapter/v2" className="ClassTestProject.ClassTest" name="TestCurrentExerciseIdCount" />
    </UnitTest>
  </TestDefinitions>
  <TestEntries>
    <TestEntry testId="e89406a2-36fd-be19-246b-384450b62335" executionId="42726ef7-dc2f-4fb2-ac68-37310977e383" testListId="8c84fa94-04c1-424b-9868-57a2d4851a1d" />
    <TestEntry testId="28f6e34f-7b39-66d7-2ad4-fcfb0d9efd55" executionId="1a9ba5dd-03a5-4cda-9d5d-3f6ceb115d4a" testListId="8c84fa94-04c1-424b-9868-57a2d4851a1d" />
    <TestEntry testId="059e1389-483d-e43c-a54d-042dac241332" executionId="b0fe30f1-eb5e-4292-bd1d-a301223cb2b7" testListId="8c84fa94-04c1-424b-9868-57a2d4851a1d" />
    <TestEntry testId="c761bbf1-11ff-aeac-67fc-a9008d396db9" executionId="b96aae98-d4e6-4060-b29d-b65b741ccf45" testListId="8c84fa94-04c1-424b-9868-57a2d4851a1d" />
  </TestEntries>
  <TestLists>
    <TestList name="Results Not in a List" id="8c84fa94-04c1-424b-9868-57a2d4851a1d" />
    <TestList name="All Loaded Results" id="19431567-8539-422a-85d7-44ee4e166bda" />
  </TestLists>
  <ResultSummary outcome="Completed">
    <Counters total="4" executed="4" passed="4" failed="0" error="0" timeout="0" aborted="0" inconclusive="0" passedButRunAborted="0" notRunnable="0" notExecuted="0" disconnected="0" warning="0" completed="0" inProgress="0" pending="0" />
  </ResultSummary>
</TestRun>